2026-03-17T14:50:39.469+05:30  INFO 34288 --- [computer-stock-manager] [main] c.R.I.ComputerStockManagerApplication    : Starting ComputerStockManagerApplication using Java 25.0.2 with PID 34288 (C:\Users\hpvic\Desktop\RD technology internship\Task_7\Internship\target\classes started by hpvic in C:\Users\hpvic\Desktop\RD technology internship\Task_7)
2026-03-17T14:50:39.471+05:30 DEBUG 34288 --- [computer-stock-manager] [main] c.R.I.ComputerStockManagerApplication    : Running with Spring Boot v4.0.3, Spring v7.0.5
2026-03-17T14:50:39.471+05:30  INFO 34288 --- [computer-stock-manager] [main] c.R.I.ComputerStockManagerApplication    : No active profile set, falling back to 1 default profile: "default"
2026-03-17T14:50:39.828+05:30  INFO 34288 --- [computer-stock-manager] [main] .s.d.r.c.RepositoryConfigurationDelegate : Bootstrapping Spring Data JPA repositories in DEFAULT mode.
2026-03-17T14:50:39.860+05:30  INFO 34288 --- [computer-stock-manager] [main] .s.d.r.c.RepositoryConfigurationDelegate : Finished Spring Data repository scanning in 26 ms. Found 1 JPA repository interface.
2026-03-17T14:50:40.147+05:30  INFO 34288 --- [computer-stock-manager] [main] o.s.boot.tomcat.TomcatWebServer          : Tomcat initialized with port 8080 (http)
2026-03-17T14:50:40.155+05:30  INFO 34288 --- [computer-stock-manager] [main] o.apache.catalina.core.StandardService   : Starting service [Tomcat]
2026-03-17T14:50:40.156+05:30  INFO 34288 --- [computer-stock-manager] [main] o.apache.catalina.core.StandardEngine    : Starting Servlet engine: [Apache Tomcat/11.0.18]
2026-03-17T14:50:40.190+05:30  INFO 34288 --- [computer-stock-manager] [main] b.w.c.s.WebApplicationContextInitializer : Root WebApplicationContext: initialization completed in 682 ms
2026-03-17T14:50:40.289+05:30  INFO 34288 --- [computer-stock-manager] [main] org.hibernate.orm.jpa                    : HHH008540: Processing PersistenceUnitInfo [name: default]
2026-03-17T14:50:40.321+05:30  INFO 34288 --- [computer-stock-manager] [main] org.hibernate.orm.core                   : HHH000001: Hibernate ORM core version 7.2.7.Final
2026-03-17T14:50:40.616+05:30  INFO 34288 --- [computer-stock-manager] [main] o.s.o.j.p.SpringPersistenceUnitInfo      : No LoadTimeWeaver setup: ignoring JPA class transformer
2026-03-17T14:50:40.636+05:30  INFO 34288 --- [computer-stock-manager] [main] com.zaxxer.hikari.HikariDataSource       : HikariPool-1 - Starting...
2026-03-17T14:50:40.740+05:30  INFO 34288 --- [computer-stock-manager] [main] com.zaxxer.hikari.pool.HikariPool        : HikariPool-1 - Added connection com.mysql.cj.jdbc.ConnectionImpl@24f177f5
2026-03-17T14:50:40.741+05:30  INFO 34288 --- [computer-stock-manager] [main] com.zaxxer.hikari.HikariDataSource       : HikariPool-1 - Start completed.
2026-03-17T14:50:40.773+05:30  WARN 34288 --- [computer-stock-manager] [main] org.hibernate.orm.core                   : HHH000511: The 5.5.5 version for [org.hibernate.dialect.MySQLDialect] is no longer supported, hence certain features may not work properly.The minimum supported version is 8.0.0. Check the community dialects project for available legacy versions.
2026-03-17T14:50:40.786+05:30  INFO 34288 --- [computer-stock-manager] [main] org.hibernate.orm.connections.pooling    : HHH10001005: Database info:
	Database JDBC URL [jdbc:mysql://localhost:3306/shop]
	Database driver: MySQL Connector/J
	Database dialect: MySQLDialect
	Database version: 5.5.5
	Default catalog/schema: shop/undefined
	Autocommit mode: undefined/unknown
	Isolation level: REPEATABLE_READ [default REPEATABLE_READ]
	JDBC fetch size: none
	Pool: DataSourceConnectionProvider
	Minimum pool size: undefined/unknown
	Maximum pool size: undefined/unknown
2026-03-17T14:50:41.349+05:30  INFO 34288 --- [computer-stock-manager] [main] org.hibernate.orm.core                   : HHH000489: No JTA platform available (set 'hibernate.transaction.jta.platform' to enable JTA platform integration)
2026-03-17T14:50:41.386+05:30  INFO 34288 --- [computer-stock-manager] [main] j.LocalContainerEntityManagerFactoryBean : Initialized JPA EntityManagerFactory for persistence unit 'default'
2026-03-17T14:50:41.433+05:30  INFO 34288 --- [computer-stock-manager] [main] o.s.d.j.r.query.QueryEnhancerFactories   : Hibernate is in classpath; If applicable, HQL parser will be used.
2026-03-17T14:50:41.512+05:30  WARN 34288 --- [computer-stock-manager] [main] JpaBaseConfiguration$JpaWebConfiguration : spring.jpa.open-in-view is enabled by default. Therefore, database queries may be performed during view rendering. Explicitly configure spring.jpa.open-in-view to disable this warning
2026-03-17T14:50:41.700+05:30  INFO 34288 --- [computer-stock-manager] [main] o.s.boot.tomcat.TomcatWebServer          : Tomcat started on port 8080 (http) with context path '/'
2026-03-17T14:50:41.704+05:30  INFO 34288 --- [computer-stock-manager] [main] c.R.I.ComputerStockManagerApplication    : Started ComputerStockManagerApplication in 2.513 seconds (process running for 2.805)
2026-03-17T14:52:40.356+05:30  INFO 34288 --- [computer-stock-manager] [SpringApplicationShutdownHook] o.s.boot.tomcat.GracefulShutdown         : Commencing graceful shutdown. Waiting for active requests to complete
2026-03-17T14:52:40.373+05:30  INFO 34288 --- [computer-stock-manager] [tomcat-shutdown] o.s.boot.tomcat.GracefulShutdown         : Graceful shutdown complete
2026-03-17T14:52:40.376+05:30  INFO 34288 --- [computer-stock-manager] [SpringApplicationShutdownHook] j.LocalContainerEntityManagerFactoryBean : Closing JPA EntityManagerFactory for persistence unit 'default'
2026-03-17T14:52:40.378+05:30  INFO 34288 --- [computer-stock-manager] [SpringApplicationShutdownHook] com.zaxxer.hikari.HikariDataSource       : HikariPool-1 - Shutdown initiated...
2026-03-17T14:52:40.382+05:30  INFO 34288 --- [computer-stock-manager] [SpringApplicationShutdownHook] com.zaxxer.hikari.HikariDataSource       : HikariPool-1 - Shutdown completed.
